<?xml version="1.0" encoding="UTF-8" ?>
<testsuites>
<testsuite name="Frisby Test: Get Brightbit Facebook Page" errors="0" tests="1" failures="0" time="0.869" timestamp="2014-04-02T21:04:39">
  <testcase classname="Frisby Test: Get Brightbit Facebook Page" name="
	[ GET https://graph.facebook.com/111848702235277 ]" time="0.868"></testcase>
</testsuite>
</testsuites>